State 0:
Lookahead token is now INT (0-2)
Shifting (INT) to state 9
State 9:
Lookahead token is now PLUS (2-3)
Reducing production expr -> INT 
State 54:
Shifting (PLUS) to state 17
State 17:
Lookahead token is now VAR (3-4)
Shifting (VAR) to state 3
State 3:
Lookahead token is now SEMI (4-5)
Reducing production expr -> VAR 
State 18:
Reducing production expr -> expr PLUS expr 
State 54:
Initiating error handling
Fatal error: exception Failure("<parsing error>")
Raised at file "pervasives.ml", line 30, characters 22-33
Called from file "arith.ml", line 10, characters 12-21
Called from file "arith.ml", line 17, characters 2-18
